-------------------------------------------------------------------------------
Test set: TestSuite
-------------------------------------------------------------------------------
Tests run: 1, Failures: 1, Errors: 0, Skipped: 0, Time elapsed: 17.78 s <<< FAILURE! -- in TestSuite
runner.PetStoreRunner.runScenario["creat an account", "Registration"](1) -- Time elapsed: 10.01 s <<< FAILURE!
java.lang.NullPointerException: Cannot invoke "org.openqa.selenium.WebDriver.manage()" because "this.driver" is null
	at hooks.AppHooks.launchBrowser(AppHooks.java:36)

